<?xml version="1.0" encoding="UTF-8"?>
<testng-results skipped="0" failed="0" ignored="0" total="1" passed="1">
  <reporter-output>
  </reporter-output>
  <suite name="Suite" duration-ms="13709" started-at="2021-06-14T21:43:03 ICT" finished-at="2021-06-14T21:43:16 ICT">
    <groups>
    </groups>
    <test name="Test" duration-ms="13709" started-at="2021-06-14T21:43:03 ICT" finished-at="2021-06-14T21:43:16 ICT">
      <class name="testCase.LoginTest">
        <test-method status="PASS" signature="setUpSuite()[pri:0, instance:testCase.LoginTest@3b088d51]" name="setUpSuite" is-config="true" duration-ms="322" started-at="2021-06-14T21:43:02 ICT" finished-at="2021-06-14T21:43:03 ICT">
          <reporter-output>
          </reporter-output>
        </test-method> <!-- setUpSuite -->
        <test-method status="PASS" signature="setUp(java.lang.String)[pri:0, instance:testCase.LoginTest@3b088d51]" name="setUp" is-config="true" duration-ms="4492" started-at="2021-06-14T21:43:04 ICT" finished-at="2021-06-14T21:43:08 ICT">
          <params>
            <param index="0">
              <value>
                <![CDATA[Chrome]]>
              </value>
            </param>
          </params>
          <reporter-output>
          </reporter-output>
        </test-method> <!-- setUp -->
        <test-method status="PASS" signature="loginApp(java.lang.String,java.lang.String)[pri:0, instance:testCase.LoginTest@3b088d51]" name="loginApp" duration-ms="6927" started-at="2021-06-14T21:43:08 ICT" data-provider="testData" finished-at="2021-06-14T21:43:15 ICT">
          <params>
            <param index="0">
              <value>
                <![CDATA[admin@yourstore.com]]>
              </value>
            </param>
            <param index="1">
              <value>
                <![CDATA[admin]]>
              </value>
            </param>
          </params>
          <reporter-output>
          </reporter-output>
        </test-method> <!-- loginApp -->
        <test-method status="PASS" signature="tearDown(org.testng.ITestResult)[pri:0, instance:testCase.LoginTest@3b088d51]" name="tearDown" is-config="true" duration-ms="1385" started-at="2021-06-14T21:43:15 ICT" finished-at="2021-06-14T21:43:16 ICT">
          <params>
            <param index="0">
              <value>
                <![CDATA[[TestResult name=loginApp status=SUCCESS method=LoginTest.loginApp(java.lang.String,java.lang.String)[pri:0, instance:testCase.LoginTest@3b088d51] output={null}]]]>
              </value>
            </param>
          </params>
          <reporter-output>
          </reporter-output>
        </test-method> <!-- tearDown -->
      </class> <!-- testCase.LoginTest -->
    </test> <!-- Test -->
  </suite> <!-- Suite -->
</testng-results>
